Using pre-set license
Built from '2020.3/staging' branch; Version is '2020.3.11f1 (99c7afb366b3) revision 10078127'; Using compiler version '192528614'; Build Type 'Release'
OS: 'Windows 10 Pro; OS build 19043.1288; Version 2009; 64bit' Language: 'es' Physical Memory: 8061 MB
BatchMode: 1, IsHumanControllingUs: 0, StartBugReporterOnCrash: 0, Is64bit: 1, IsPro: 0

 COMMAND LINE ARGUMENTS:
C:\Program Files\2020.3.11f1\Editor\Unity.exe
-adb2
-batchMode
-noUpm
-name
AssetImportWorker0
-projectPath
D:/tuto/universidad/11vo/HCI/Parcial Vuforia
-logFile
Logs/AssetImportWorker0.log
-srvPort
64198
Successfully changed project path to: D:/tuto/universidad/11vo/HCI/Parcial Vuforia
D:/tuto/universidad/11vo/HCI/Parcial Vuforia
Using Asset Import Pipeline V2.
Refreshing native plugins compatible for Editor in 31.10 ms, found 5 plugins.
Preloading 2 native plugins for Editor in 1.15 ms.
Initialize engine version: 2020.3.11f1 (99c7afb366b3)
[Subsystems] Discovering subsystems at path C:/Program Files/2020.3.11f1/Editor/Data/Resources/UnitySubsystems
[Subsystems] Discovering subsystems at path D:/tuto/universidad/11vo/HCI/Parcial Vuforia/Assets
GfxDevice: creating device client; threaded=0
Direct3D:
    Version:  Direct3D 11.0 [level 11.1]
    Renderer: NVIDIA GeForce GT 1030 (ID=0x1d01)
    Vendor:   
    VRAM:     1982 MB
    Driver:   27.21.14.5671
Initialize mono
Mono path[0] = 'C:/Program Files/2020.3.11f1/Editor/Data/Managed'
Mono path[1] = 'C:/Program Files/2020.3.11f1/Editor/Data/MonoBleedingEdge/lib/mono/unityjit'
Mono config path = 'C:/Program Files/2020.3.11f1/Editor/Data/MonoBleedingEdge/etc'
Using monoOptions --debugger-agent=transport=dt_socket,embedding=1,server=y,suspend=n,address=127.0.0.1:56380
Begin MonoManager ReloadAssembly
Registering precompiled unity dll's ...
Register platform support module: C:/Program Files/2020.3.11f1/Editor/Data/PlaybackEngines/WindowsStandaloneSupport/UnityEditor.WindowsStandalone.Extensions.dll
Registered in 0.001509 seconds.
Native extension for WindowsStandalone target not found
Refreshing native plugins compatible for Editor in 26.92 ms, found 5 plugins.
Preloading 2 native plugins for Editor in 0.05 ms.
Mono: successfully reloaded assembly
- Completed reload, in  0.808 seconds
Platform modules already initialized, skipping
Registering precompiled user dll's ...
Registered in 0.004191 seconds.
Begin MonoManager ReloadAssembly
Native extension for WindowsStandalone target not found
Refreshing native plugins compatible for Editor in 0.45 ms, found 5 plugins.
Preloading 2 native plugins for Editor in 0.05 ms.
System.NullReferenceException: Object reference not set to an instance of an object
  at Vuforia.EditorClasses.ExtensionTypeProvider.GetVuforiaPackageAbsPath () [0x0004a] in <67f168408fbf4fce9c04342c093e9fe7>:0 
  at Vuforia.EditorClasses.ExtensionTypeProvider.IsPackageManager () [0x00000] in <67f168408fbf4fce9c04342c093e9fe7>:0 
  at Vuforia.EditorClasses.ExtensionTypeProvider.ResolvePluginType () [0x00009] in <67f168408fbf4fce9c04342c093e9fe7>:0 
  at Vuforia.EditorClasses.ExtensionTypeProvider.GetPluginType () [0x0000c] in <67f168408fbf4fce9c04342c093e9fe7>:0 
  at Vuforia.EditorClasses.VuforiaUtilities.IsVuforiaEnabledInPlayerSettings () [0x00000] in <67f168408fbf4fce9c04342c093e9fe7>:0 
  at VuforiaEnabledObserver..cctor () [0x00000] in <67f168408fbf4fce9c04342c093e9fe7>:0 
UnityEngine.StackTraceUtility:ExtractStackTrace ()
UnityEngine.DebugLogHandler:LogFormat (UnityEngine.LogType,UnityEngine.Object,string,object[])
UnityEngine.Logger:Log (UnityEngine.LogType,object)
UnityEngine.Debug:LogError (object)
UnityEditor.EditorAssemblies:ProcessInitializeOnLoadAttributes (System.Type[])

System.NullReferenceException: Object reference not set to an instance of an object
  at Vuforia.EditorClasses.ExtensionTypeProvider.GetVuforiaPackageAbsPath () [0x0004a] in <67f168408fbf4fce9c04342c093e9fe7>:0 
  at Vuforia.EditorClasses.ExtensionTypeProvider.IsPackageManager () [0x00000] in <67f168408fbf4fce9c04342c093e9fe7>:0 
  at Vuforia.EditorClasses.ExtensionTypeProvider.ResolvePluginType () [0x00009] in <67f168408fbf4fce9c04342c093e9fe7>:0 
  at Vuforia.EditorClasses.ExtensionTypeProvider.GetPluginType () [0x0000c] in <67f168408fbf4fce9c04342c093e9fe7>:0 
  at Vuforia.EditorClasses.VuforiaUtilities.IsVuforiaEnabledInPlayerSettings () [0x00000] in <67f168408fbf4fce9c04342c093e9fe7>:0 
  at Vuforia.EditorClasses.InitializeOnLoadVuforiaTaskRunner..cctor () [0x00015] in <67f168408fbf4fce9c04342c093e9fe7>:0 
UnityEngine.StackTraceUtility:ExtractStackTrace ()
UnityEngine.DebugLogHandler:LogFormat (UnityEngine.LogType,UnityEngine.Object,string,object[])
UnityEngine.Logger:Log (UnityEngine.LogType,object)
UnityEngine.Debug:LogError (object)
UnityEditor.EditorAssemblies:ProcessInitializeOnLoadAttributes (System.Type[])

Mono: successfully reloaded assembly
- Completed reload, in  0.868 seconds
Platform modules already initialized, skipping
========================================================================
Worker process is ready to serve import requests
Launched and connected shader compiler UnityShaderCompiler.exe after 0.03 seconds
Refreshing native plugins compatible for Editor in 0.43 ms, found 5 plugins.
Preloading 2 native plugins for Editor in 0.05 ms.
Unloading 1448 Unused Serialized files (Serialized files now loaded: 0)
System memory in use before: 69.2 MB.
System memory in use after: 69.3 MB.

Unloading 44 unused Assets to reduce memory usage. Loaded Objects now: 2149.
Total: 1.854200 ms (FindLiveObjects: 0.163000 ms CreateObjectMapping: 0.053600 ms MarkObjects: 1.541100 ms  DeleteObjects: 0.095700 ms)

========================================================================
Received Import Request.
  path: Packages/com.ptc.vuforia.engine/Vuforia/Materials/MidAirReference.mat
  artifactKey: Guid(2e9b38b0a13ba442b98571aeeb6f3849) Importer(815301076,1909f56bfc062723c751e8b465ee728b)
Start importing Packages/com.ptc.vuforia.engine/Vuforia/Materials/MidAirReference.mat using Guid(2e9b38b0a13ba442b98571aeeb6f3849) Importer(815301076,1909f56bfc062723c751e8b465ee728b)  -> (artifact id: '69df384ce3e1033e9af5bc175036b175') in 0.157117 seconds
  Import took 0.176398 seconds .

========================================================================
Received Import Request.
  Time since last request: 0.000293 seconds.
  path: Packages/com.ptc.vuforia.engine/Vuforia/Fonts/SourceSansPro.ttf
  artifactKey: Guid(6e4a1744cf113994799d3e46a7c45d99) Importer(815301076,1909f56bfc062723c751e8b465ee728b)
Start importing Packages/com.ptc.vuforia.engine/Vuforia/Fonts/SourceSansPro.ttf using Guid(6e4a1744cf113994799d3e46a7c45d99) Importer(815301076,1909f56bfc062723c751e8b465ee728b)  -> (artifact id: 'dd0232359f9cb2cac762ef92afea69b1') in 0.057103 seconds
  Import took 0.059165 seconds .

========================================================================
Received Import Request.
  Time since last request: 0.000181 seconds.
  path: Packages/com.ptc.vuforia.engine/Vuforia/Materials/StandardCutout.mat
  artifactKey: Guid(a9267223436693a4bb8e35161a24f8ba) Importer(815301076,1909f56bfc062723c751e8b465ee728b)
Start importing Packages/com.ptc.vuforia.engine/Vuforia/Materials/StandardCutout.mat using Guid(a9267223436693a4bb8e35161a24f8ba) Importer(815301076,1909f56bfc062723c751e8b465ee728b)  -> (artifact id: 'd23d119bf374413a8b22b3ea41c7cab0') in 0.171421 seconds
  Import took 0.173466 seconds .

========================================================================
Received Import Request.
  Time since last request: 0.000229 seconds.
  path: Packages/com.ptc.vuforia.engine/Vuforia/Materials/MidAirIndicator.mat
  artifactKey: Guid(658ef14483bb4437baeced0fce0ae78a) Importer(815301076,1909f56bfc062723c751e8b465ee728b)
Start importing Packages/com.ptc.vuforia.engine/Vuforia/Materials/MidAirIndicator.mat using Guid(658ef14483bb4437baeced0fce0ae78a) Importer(815301076,1909f56bfc062723c751e8b465ee728b)  -> (artifact id: '6a1b74e6a1f5bcfa2327398fb81588b8') in 0.225414 seconds
  Import took 0.227465 seconds .

========================================================================
Received Import Request.
  Time since last request: 0.000318 seconds.
  path: Packages/com.ptc.vuforia.engine/Vuforia/Materials/DepthMask.mat
  artifactKey: Guid(36b1f386c1720c94889ac11ac9c8c6d1) Importer(815301076,1909f56bfc062723c751e8b465ee728b)
Start importing Packages/com.ptc.vuforia.engine/Vuforia/Materials/DepthMask.mat using Guid(36b1f386c1720c94889ac11ac9c8c6d1) Importer(815301076,1909f56bfc062723c751e8b465ee728b)  -> (artifact id: 'c713c6adc06c0a9c057b01cc2692ab4e') in 0.008704 seconds
  Import took 0.010850 seconds .

========================================================================
Received Import Request.
  Time since last request: 0.000286 seconds.
  path: Packages/com.ptc.vuforia.engine/Vuforia/Materials/ColoredLines.mat
  artifactKey: Guid(bdaddec689357db4ea505c9f4c1b3a10) Importer(815301076,1909f56bfc062723c751e8b465ee728b)
Start importing Packages/com.ptc.vuforia.engine/Vuforia/Materials/ColoredLines.mat using Guid(bdaddec689357db4ea505c9f4c1b3a10) Importer(815301076,1909f56bfc062723c751e8b465ee728b)  -> (artifact id: '8435a9f4a9615d0be12d07d0ec2873e2') in 0.009455 seconds
  Import took 0.011763 seconds .

========================================================================
Received Import Request.
  Time since last request: 0.000274 seconds.
  path: Packages/com.ptc.vuforia.engine/Vuforia/Materials/OutlineOpaque.mat
  artifactKey: Guid(1d25c0ce72e58124fa2d482e07c9fcd8) Importer(815301076,1909f56bfc062723c751e8b465ee728b)
Start importing Packages/com.ptc.vuforia.engine/Vuforia/Materials/OutlineOpaque.mat using Guid(1d25c0ce72e58124fa2d482e07c9fcd8) Importer(815301076,1909f56bfc062723c751e8b465ee728b)  -> (artifact id: '1d68ba2d3e86789e0513da207dd6fa00') in 0.009947 seconds
  Import took 0.042956 seconds .

========================================================================
Received Import Request.
  Time since last request: 0.000325 seconds.
  path: Packages/com.ptc.vuforia.engine/Vuforia/Materials/DefaultTarget.mat
  artifactKey: Guid(30b97d537113d0441889f1559f555128) Importer(815301076,1909f56bfc062723c751e8b465ee728b)
Start importing Packages/com.ptc.vuforia.engine/Vuforia/Materials/DefaultTarget.mat using Guid(30b97d537113d0441889f1559f555128) Importer(815301076,1909f56bfc062723c751e8b465ee728b)  -> (artifact id: 'dfb335de6d0337ffe3aa62fd9f1bda01') in 0.027617 seconds
  Import took 0.041861 seconds .

========================================================================
Received Import Request.
  Time since last request: 0.000275 seconds.
  path: Packages/com.ptc.vuforia.engine/Vuforia/Materials/VirtualButtonPreviewMaterial.mat
  artifactKey: Guid(a88c225b69241164ab829bccf61d8845) Importer(815301076,1909f56bfc062723c751e8b465ee728b)
Start importing Packages/com.ptc.vuforia.engine/Vuforia/Materials/VirtualButtonPreviewMaterial.mat using Guid(a88c225b69241164ab829bccf61d8845) Importer(815301076,1909f56bfc062723c751e8b465ee728b)  -> (artifact id: '15ba1dcee8578d96ea36756321f7fceb') in 0.101440 seconds
  Import took 0.103613 seconds .

========================================================================
Received Import Request.
  Time since last request: 0.000225 seconds.
  path: Packages/com.ptc.vuforia.engine/Vuforia/Materials/GroundPlaneIndicator.mat
  artifactKey: Guid(1d214ea2059394d59a1960df0cad1c62) Importer(815301076,1909f56bfc062723c751e8b465ee728b)
Start importing Packages/com.ptc.vuforia.engine/Vuforia/Materials/GroundPlaneIndicator.mat using Guid(1d214ea2059394d59a1960df0cad1c62) Importer(815301076,1909f56bfc062723c751e8b465ee728b)  -> (artifact id: '83e1ed188e656ffa0395d89b9ec61a52') in 0.014889 seconds
  Import took 0.017177 seconds .

========================================================================
Received Import Request.
  Time since last request: 0.000282 seconds.
  path: Packages/com.ptc.vuforia.engine/Vuforia/Materials/GroundPlaneReference.mat
  artifactKey: Guid(b0fca12d4e61246cfa5f9a6d26e48004) Importer(815301076,1909f56bfc062723c751e8b465ee728b)
Start importing Packages/com.ptc.vuforia.engine/Vuforia/Materials/GroundPlaneReference.mat using Guid(b0fca12d4e61246cfa5f9a6d26e48004) Importer(815301076,1909f56bfc062723c751e8b465ee728b)  -> (artifact id: 'c635c348c4ef8d56ea8b85d1febad7da') in 0.015636 seconds
  Import took 0.018042 seconds .

========================================================================
Received Import Request.
  Time since last request: 0.000280 seconds.
  path: Packages/com.ptc.vuforia.engine/Vuforia/Materials/GuideView2D.mat
  artifactKey: Guid(ab44b980790e31f4c84c4c91cdab449a) Importer(815301076,1909f56bfc062723c751e8b465ee728b)
Start importing Packages/com.ptc.vuforia.engine/Vuforia/Materials/GuideView2D.mat using Guid(ab44b980790e31f4c84c4c91cdab449a) Importer(815301076,1909f56bfc062723c751e8b465ee728b)  -> (artifact id: 'c2e8afc18a862c63f72f26623a4c0d1a') in 0.008991 seconds
  Import took 0.011339 seconds .

========================================================================
Received Import Request.
  Time since last request: 0.000219 seconds.
  path: Packages/com.ptc.vuforia.engine/Vuforia/Materials/CloudRecoTarget.mat
  artifactKey: Guid(de1593a16346ab045974f1cd34fd831f) Importer(815301076,1909f56bfc062723c751e8b465ee728b)
Start importing Packages/com.ptc.vuforia.engine/Vuforia/Materials/CloudRecoTarget.mat using Guid(de1593a16346ab045974f1cd34fd831f) Importer(815301076,1909f56bfc062723c751e8b465ee728b)  -> (artifact id: 'd80c5824b000aa17b6f7d1b9af52fd85') in 0.009680 seconds
  Import took 0.012528 seconds .

========================================================================
Received Import Request.
  Time since last request: 1.630344 seconds.
  path: Packages/com.ptc.vuforia.engine/Vuforia/Prefabs/DefaultMidAirIndicator.prefab
  artifactKey: Guid(e5581564ca4d5f2479d5f1694371ef2f) Importer(815301076,1909f56bfc062723c751e8b465ee728b)
Start importing Packages/com.ptc.vuforia.engine/Vuforia/Prefabs/DefaultMidAirIndicator.prefab using Guid(e5581564ca4d5f2479d5f1694371ef2f) Importer(815301076,1909f56bfc062723c751e8b465ee728b)  -> (artifact id: '74d54c9804273cdf3fcdb7da39c8dce2') in 0.026771 seconds
  Import took 0.029174 seconds .

========================================================================
Received Import Request.
  Time since last request: 0.000225 seconds.
  path: Packages/com.ptc.vuforia.engine/Vuforia/Prefabs/DefaultPlaneIndicator.prefab
  artifactKey: Guid(b9ed12c68682d5b49bfa70ee9d71602d) Importer(815301076,1909f56bfc062723c751e8b465ee728b)
Start importing Packages/com.ptc.vuforia.engine/Vuforia/Prefabs/DefaultPlaneIndicator.prefab using Guid(b9ed12c68682d5b49bfa70ee9d71602d) Importer(815301076,1909f56bfc062723c751e8b465ee728b)  -> (artifact id: '805f0041cd521519c7dd008d2f7678e4') in 0.015218 seconds
  Import took 0.017684 seconds .

========================================================================
Received Import Request.
  Time since last request: 0.000322 seconds.
  path: Packages/com.ptc.vuforia.engine/Vuforia/Prefabs/MidAirReference.prefab
  artifactKey: Guid(e9dc61a799fb66b4f830683886a6d761) Importer(815301076,1909f56bfc062723c751e8b465ee728b)
Start importing Packages/com.ptc.vuforia.engine/Vuforia/Prefabs/MidAirReference.prefab using Guid(e9dc61a799fb66b4f830683886a6d761) Importer(815301076,1909f56bfc062723c751e8b465ee728b)  -> (artifact id: '6630d656c41b3b41ba3235f59e827a4e') in 0.018122 seconds
  Import took 0.020624 seconds .

========================================================================
Received Import Request.
  Time since last request: 0.000284 seconds.
  path: Packages/com.ptc.vuforia.engine/Vuforia/Prefabs/GroundPlaneReference.prefab
  artifactKey: Guid(cf19ace87b12c2741979b9582691d60d) Importer(815301076,1909f56bfc062723c751e8b465ee728b)
Start importing Packages/com.ptc.vuforia.engine/Vuforia/Prefabs/GroundPlaneReference.prefab using Guid(cf19ace87b12c2741979b9582691d60d) Importer(815301076,1909f56bfc062723c751e8b465ee728b)  -> (artifact id: '0674c9f210e3a5bb7d4b2633e8f804e2') in 0.016435 seconds
  Import took 0.018928 seconds .

========================================================================
Received Import Request.
  Time since last request: 0.000245 seconds.
  path: Packages/com.ptc.vuforia.engine/Vuforia/Prefabs/SessionRecorder.prefab
  artifactKey: Guid(8ce5dfe4cb6b24642b68cb2125a3004e) Importer(815301076,1909f56bfc062723c751e8b465ee728b)
Start importing Packages/com.ptc.vuforia.engine/Vuforia/Prefabs/SessionRecorder.prefab using Guid(8ce5dfe4cb6b24642b68cb2125a3004e) Importer(815301076,1909f56bfc062723c751e8b465ee728b)  -> (artifact id: '76de08f59330c39d165139e7ba56f2c5') in 0.032690 seconds
  Import took 0.066320 seconds .

========================================================================
Received Import Request.
  Time since last request: 4.122163 seconds.
  path: Assets/Resources/VuforiaConfiguration.asset
  artifactKey: Guid(80a0dc1e79fa4f346b4c819c4610ab5b) Importer(815301076,1909f56bfc062723c751e8b465ee728b)
Start importing Assets/Resources/VuforiaConfiguration.asset using Guid(80a0dc1e79fa4f346b4c819c4610ab5b) Importer(815301076,1909f56bfc062723c751e8b465ee728b)  -> (artifact id: '81a80b18148b11d42bb17dd94a82f011') in 0.004670 seconds
  Import took 0.007851 seconds .

========================================================================
Received Prepare
Registering precompiled user dll's ...
Registered in 0.004115 seconds.
Begin MonoManager ReloadAssembly
Native extension for WindowsStandalone target not found
Refreshing native plugins compatible for Editor in 0.46 ms, found 5 plugins.
Preloading 2 native plugins for Editor in 0.05 ms.
System.NullReferenceException: Object reference not set to an instance of an object
  at Vuforia.EditorClasses.ExtensionTypeProvider.GetVuforiaPackageAbsPath () [0x0004a] in <67f168408fbf4fce9c04342c093e9fe7>:0 
  at Vuforia.EditorClasses.ExtensionTypeProvider.IsPackageManager () [0x00000] in <67f168408fbf4fce9c04342c093e9fe7>:0 
  at Vuforia.EditorClasses.ExtensionTypeProvider.ResolvePluginType () [0x00009] in <67f168408fbf4fce9c04342c093e9fe7>:0 
  at Vuforia.EditorClasses.ExtensionTypeProvider.GetPluginType () [0x0000c] in <67f168408fbf4fce9c04342c093e9fe7>:0 
  at Vuforia.EditorClasses.VuforiaUtilities.IsVuforiaEnabledInPlayerSettings () [0x00000] in <67f168408fbf4fce9c04342c093e9fe7>:0 
  at VuforiaEnabledObserver..cctor () [0x00000] in <67f168408fbf4fce9c04342c093e9fe7>:0 
UnityEngine.StackTraceUtility:ExtractStackTrace ()
UnityEngine.DebugLogHandler:LogFormat (UnityEngine.LogType,UnityEngine.Object,string,object[])
UnityEngine.Logger:Log (UnityEngine.LogType,object)
UnityEngine.Debug:LogError (object)
UnityEditor.EditorAssemblies:ProcessInitializeOnLoadAttributes (System.Type[])

System.NullReferenceException: Object reference not set to an instance of an object
  at Vuforia.EditorClasses.ExtensionTypeProvider.GetVuforiaPackageAbsPath () [0x0004a] in <67f168408fbf4fce9c04342c093e9fe7>:0 
  at Vuforia.EditorClasses.ExtensionTypeProvider.IsPackageManager () [0x00000] in <67f168408fbf4fce9c04342c093e9fe7>:0 
  at Vuforia.EditorClasses.ExtensionTypeProvider.ResolvePluginType () [0x00009] in <67f168408fbf4fce9c04342c093e9fe7>:0 
  at Vuforia.EditorClasses.ExtensionTypeProvider.GetPluginType () [0x0000c] in <67f168408fbf4fce9c04342c093e9fe7>:0 
  at Vuforia.EditorClasses.VuforiaUtilities.IsVuforiaEnabledInPlayerSettings () [0x00000] in <67f168408fbf4fce9c04342c093e9fe7>:0 
  at Vuforia.EditorClasses.InitializeOnLoadVuforiaTaskRunner..cctor () [0x00015] in <67f168408fbf4fce9c04342c093e9fe7>:0 
UnityEngine.StackTraceUtility:ExtractStackTrace ()
UnityEngine.DebugLogHandler:LogFormat (UnityEngine.LogType,UnityEngine.Object,string,object[])
UnityEngine.Logger:Log (UnityEngine.LogType,object)
UnityEngine.Debug:LogError (object)
UnityEditor.EditorAssemblies:ProcessInitializeOnLoadAttributes (System.Type[])

Mono: successfully reloaded assembly
- Completed reload, in  0.834 seconds
Platform modules already initialized, skipping
Refreshing native plugins compatible for Editor in 0.46 ms, found 5 plugins.
Preloading 2 native plugins for Editor in 0.05 ms.
Unloading 1432 Unused Serialized files (Serialized files now loaded: 0)
System memory in use before: 72.0 MB.
System memory in use after: 72.1 MB.

Unloading 39 unused Assets to reduce memory usage. Loaded Objects now: 2203.
Total: 1.767700 ms (FindLiveObjects: 0.157900 ms CreateObjectMapping: 0.051000 ms MarkObjects: 1.541100 ms  DeleteObjects: 0.017100 ms)

========================================================================
Received Import Request.
  Time since last request: 122.973783 seconds.
  path: Assets/Editor/Vuforia/ImageTargetTextures/VuforiaMars_Images/Astronaut_scaled.jpg
  artifactKey: Guid(77fb44a366db5cb41b8c06649271f8e6) Importer(815301076,1909f56bfc062723c751e8b465ee728b)
Start importing Assets/Editor/Vuforia/ImageTargetTextures/VuforiaMars_Images/Astronaut_scaled.jpg using Guid(77fb44a366db5cb41b8c06649271f8e6) Importer(815301076,1909f56bfc062723c751e8b465ee728b)  -> (artifact id: '7bae93125fa50811f2b5f8e509a4e476') in 0.046303 seconds
  Import took 0.048945 seconds .

========================================================================
Received Import Request.
  Time since last request: 0.000145 seconds.
  path: Assets/Editor/Vuforia/ImageTargetTextures/ParcialHCI/cubo_scaled.jpg
  artifactKey: Guid(f0536593f9cc4b3b97eb1817f1705f5f) Importer(815301076,1909f56bfc062723c751e8b465ee728b)
Start importing Assets/Editor/Vuforia/ImageTargetTextures/ParcialHCI/cubo_scaled.jpg using Guid(f0536593f9cc4b3b97eb1817f1705f5f) Importer(815301076,1909f56bfc062723c751e8b465ee728b)  -> (artifact id: '16723ba3bd959c3a97aa1675d9b2d911') in 0.009738 seconds
  Import took 0.011935 seconds .

========================================================================
Received Import Request.
  Time since last request: 0.000170 seconds.
  path: Assets/Editor/Vuforia/ImageTargetTextures/ParcialHCI/Caja.Right_scaled.jpg
  artifactKey: Guid(6aec213951b44922aa10e69efbc19036) Importer(815301076,1909f56bfc062723c751e8b465ee728b)
Start importing Assets/Editor/Vuforia/ImageTargetTextures/ParcialHCI/Caja.Right_scaled.jpg using Guid(6aec213951b44922aa10e69efbc19036) Importer(815301076,1909f56bfc062723c751e8b465ee728b)  -> (artifact id: '7b2acd482fbe5e74ab47f94fe2a00c73') in 0.008207 seconds
  Import took 0.010660 seconds .

========================================================================
Received Import Request.
  Time since last request: 0.000197 seconds.
  path: Assets/Editor/Vuforia/ImageTargetTextures/ParcialHCI/Caja.Left_scaled.jpg
  artifactKey: Guid(2ab2ccc49a44452f87807bab0402f72e) Importer(815301076,1909f56bfc062723c751e8b465ee728b)
Start importing Assets/Editor/Vuforia/ImageTargetTextures/ParcialHCI/Caja.Left_scaled.jpg using Guid(2ab2ccc49a44452f87807bab0402f72e) Importer(815301076,1909f56bfc062723c751e8b465ee728b)  -> (artifact id: '13a941100276f641ac8cb05373403d19') in 0.008907 seconds
  Import took 0.011424 seconds .

========================================================================
Received Import Request.
  Time since last request: 0.000126 seconds.
  path: Assets/Editor/Vuforia/ImageTargetTextures/ParcialHCI/Caja.Front_scaled.jpg
  artifactKey: Guid(2cc2976a2f49468db018ecd24ec18216) Importer(815301076,1909f56bfc062723c751e8b465ee728b)
Start importing Assets/Editor/Vuforia/ImageTargetTextures/ParcialHCI/Caja.Front_scaled.jpg using Guid(2cc2976a2f49468db018ecd24ec18216) Importer(815301076,1909f56bfc062723c751e8b465ee728b)  -> (artifact id: '7d7c67c9b32650b910b0f80012d009d5') in 0.007817 seconds
  Import took 0.010223 seconds .

========================================================================
Received Import Request.
  Time since last request: 0.000203 seconds.
  path: Assets/Editor/Vuforia/ImageTargetTextures/ParcialHCI/Caja.Top_scaled.jpg
  artifactKey: Guid(fa59f6eaf69148dfb70bddf13126f52f) Importer(815301076,1909f56bfc062723c751e8b465ee728b)
Start importing Assets/Editor/Vuforia/ImageTargetTextures/ParcialHCI/Caja.Top_scaled.jpg using Guid(fa59f6eaf69148dfb70bddf13126f52f) Importer(815301076,1909f56bfc062723c751e8b465ee728b)  -> (artifact id: '5db2ebc06fbaf1e95f642c55ba4525f1') in 0.009753 seconds
  Import took 0.040278 seconds .

========================================================================
Received Import Request.
  Time since last request: 0.000165 seconds.
  path: Assets/Editor/Vuforia/ImageTargetTextures/VuforiaMars_Images/Astronaut_scaled.jpg
  artifactKey: Guid(77fb44a366db5cb41b8c06649271f8e6) Importer(815301076,1909f56bfc062723c751e8b465ee728b)
Start importing Assets/Editor/Vuforia/ImageTargetTextures/VuforiaMars_Images/Astronaut_scaled.jpg using Guid(77fb44a366db5cb41b8c06649271f8e6) Importer(815301076,1909f56bfc062723c751e8b465ee728b)  -> (artifact id: '7bae93125fa50811f2b5f8e509a4e476') in 0.013710 seconds
  Import took 0.015937 seconds .

========================================================================
Received Import Request.
  Time since last request: 0.000149 seconds.
  path: Assets/Editor/Vuforia/ImageTargetTextures/ParcialHCI/Caja.Bottom_scaled.jpg
  artifactKey: Guid(bd6a3f355a4d4b71aaf9b49260714806) Importer(815301076,1909f56bfc062723c751e8b465ee728b)
Start importing Assets/Editor/Vuforia/ImageTargetTextures/ParcialHCI/Caja.Bottom_scaled.jpg using Guid(bd6a3f355a4d4b71aaf9b49260714806) Importer(815301076,1909f56bfc062723c751e8b465ee728b)  -> (artifact id: '6647c2ba7b762fbfd7565a080ae67d41') in 0.008775 seconds
  Import took 0.011259 seconds .

========================================================================
Received Import Request.
  Time since last request: 0.000167 seconds.
  path: Assets/Editor/Vuforia/ImageTargetTextures/ParcialHCI/Caja.Back_scaled.jpg
  artifactKey: Guid(644d9ed12f434af39403c5f532121377) Importer(815301076,1909f56bfc062723c751e8b465ee728b)
Start importing Assets/Editor/Vuforia/ImageTargetTextures/ParcialHCI/Caja.Back_scaled.jpg using Guid(644d9ed12f434af39403c5f532121377) Importer(815301076,1909f56bfc062723c751e8b465ee728b)  -> (artifact id: 'bb97dcb5b565ad3444dcd6604f99902f') in 0.008311 seconds
  Import took 0.021608 seconds .

========================================================================
Received Import Request.
  Time since last request: 0.001957 seconds.
  path: Assets/Editor/Vuforia/ImageTargetTextures/ParcialHCI/Caja.Bottom_scaled.jpg
  artifactKey: Guid(bd6a3f355a4d4b71aaf9b49260714806) Importer(815301076,1909f56bfc062723c751e8b465ee728b)
Start importing Assets/Editor/Vuforia/ImageTargetTextures/ParcialHCI/Caja.Bottom_scaled.jpg using Guid(bd6a3f355a4d4b71aaf9b49260714806) Importer(815301076,1909f56bfc062723c751e8b465ee728b)  -> (artifact id: '6647c2ba7b762fbfd7565a080ae67d41') in 0.005278 seconds
  Import took 0.007952 seconds .

========================================================================
Received Import Request.
  Time since last request: 1.212554 seconds.
  path: Assets/Editor/Vuforia/ImageTargetTextures/VuforiaMars_Images/Drone_scaled.jpg
  artifactKey: Guid(3b3cf30ab7479fc45a6362fc4cb5e995) Importer(815301076,1909f56bfc062723c751e8b465ee728b)
Start importing Assets/Editor/Vuforia/ImageTargetTextures/VuforiaMars_Images/Drone_scaled.jpg using Guid(3b3cf30ab7479fc45a6362fc4cb5e995) Importer(815301076,1909f56bfc062723c751e8b465ee728b)  -> (artifact id: '84009f6d7c742ef454f6f84c872e0ccc') in 0.015561 seconds
  Import took 0.018744 seconds .

========================================================================
Received Import Request.
  Time since last request: 0.000251 seconds.
  path: Assets/Editor/Vuforia/ImageTargetTextures/VuforiaEmulator/emulator_ground_plane_scaled.jpg
  artifactKey: Guid(d28f7a8a9b3dfff44bb6faf80929212b) Importer(815301076,1909f56bfc062723c751e8b465ee728b)
Start importing Assets/Editor/Vuforia/ImageTargetTextures/VuforiaEmulator/emulator_ground_plane_scaled.jpg using Guid(d28f7a8a9b3dfff44bb6faf80929212b) Importer(815301076,1909f56bfc062723c751e8b465ee728b)  -> (artifact id: '7ed20cb17e9ab2e0e64491bb809f5f1e') in 0.013643 seconds
  Import took 0.047899 seconds .

========================================================================
Received Import Request.
  Time since last request: 0.000233 seconds.
  path: Assets/Editor/Vuforia/ImageTargetTextures/VuforiaMars_Images/MarsBox.Back_scaled.jpg
  artifactKey: Guid(cd759bcce9643934392e470cd9d0d179) Importer(815301076,1909f56bfc062723c751e8b465ee728b)
Start importing Assets/Editor/Vuforia/ImageTargetTextures/VuforiaMars_Images/MarsBox.Back_scaled.jpg using Guid(cd759bcce9643934392e470cd9d0d179) Importer(815301076,1909f56bfc062723c751e8b465ee728b)  -> (artifact id: 'e0391d41da2de639acddd339a32f81fe') in 0.009413 seconds
  Import took 0.011541 seconds .

========================================================================
Received Import Request.
  Time since last request: 0.000322 seconds.
  path: Assets/Editor/Vuforia/ImageTargetTextures/VuforiaMars_Images/Fissure_scaled.jpg
  artifactKey: Guid(a35a2d04e4ca5f643a173fb3a98d5fd1) Importer(815301076,1909f56bfc062723c751e8b465ee728b)
Start importing Assets/Editor/Vuforia/ImageTargetTextures/VuforiaMars_Images/Fissure_scaled.jpg using Guid(a35a2d04e4ca5f643a173fb3a98d5fd1) Importer(815301076,1909f56bfc062723c751e8b465ee728b)  -> (artifact id: '25947d9b4c587dc406bcc6dcfd43dc2c') in 0.014974 seconds
  Import took 0.027331 seconds .

========================================================================
Received Import Request.
  Time since last request: 0.348953 seconds.
  path: Assets/Editor/Vuforia/ImageTargetTextures/VuforiaMars_Images/MarsBox.Bottom_scaled.jpg
  artifactKey: Guid(33aedae9989557c4298ce94822d5745e) Importer(815301076,1909f56bfc062723c751e8b465ee728b)
Start importing Assets/Editor/Vuforia/ImageTargetTextures/VuforiaMars_Images/MarsBox.Bottom_scaled.jpg using Guid(33aedae9989557c4298ce94822d5745e) Importer(815301076,1909f56bfc062723c751e8b465ee728b)  -> (artifact id: 'a77a28bf47506e9cc3c63432dfa7ff2d') in 0.014072 seconds
  Import took 0.016625 seconds .

========================================================================
Received Import Request.
  Time since last request: 0.000224 seconds.
  path: Assets/Editor/Vuforia/ImageTargetTextures/VuforiaMars_Images/MarsBox.Front_scaled.jpg
  artifactKey: Guid(d66032d25cff61c4585c2f395d4f6a3c) Importer(815301076,1909f56bfc062723c751e8b465ee728b)
Start importing Assets/Editor/Vuforia/ImageTargetTextures/VuforiaMars_Images/MarsBox.Front_scaled.jpg using Guid(d66032d25cff61c4585c2f395d4f6a3c) Importer(815301076,1909f56bfc062723c751e8b465ee728b)  -> (artifact id: '4bb125beb21ebc7938b971e4429edd46') in 0.009800 seconds
  Import took 0.011811 seconds .

========================================================================
Received Import Request.
  Time since last request: 0.058446 seconds.
  path: Assets/Editor/Vuforia/ImageTargetTextures/VuforiaMars_Images/MarsBox.Left_scaled.jpg
  artifactKey: Guid(4381073313ab7ea4f905979151a55156) Importer(815301076,1909f56bfc062723c751e8b465ee728b)
Start importing Assets/Editor/Vuforia/ImageTargetTextures/VuforiaMars_Images/MarsBox.Left_scaled.jpg using Guid(4381073313ab7ea4f905979151a55156) Importer(815301076,1909f56bfc062723c751e8b465ee728b)  -> (artifact id: '17c8c3bf4c54aacbea3e85d1baa1aa0a') in 0.008062 seconds
  Import took 0.010382 seconds .

========================================================================
Received Import Request.
  Time since last request: 0.000239 seconds.
  path: Assets/Editor/Vuforia/ImageTargetTextures/VuforiaMars_Images/MarsBox.Right_scaled.jpg
  artifactKey: Guid(a39240edce7bd3940867ccf14ba4270b) Importer(815301076,1909f56bfc062723c751e8b465ee728b)
Start importing Assets/Editor/Vuforia/ImageTargetTextures/VuforiaMars_Images/MarsBox.Right_scaled.jpg using Guid(a39240edce7bd3940867ccf14ba4270b) Importer(815301076,1909f56bfc062723c751e8b465ee728b)  -> (artifact id: '95a83aba0ff940aaae8bdf1b814c05b0') in 0.008456 seconds
  Import took 0.043988 seconds .

========================================================================
Received Import Request.
  Time since last request: 0.418947 seconds.
  path: Assets/Editor/Vuforia/ImageTargetTextures/VuforiaMars_Images/MarsBox.Top_scaled.jpg
  artifactKey: Guid(2feb120d7f5872f499dfed51deb3d666) Importer(815301076,1909f56bfc062723c751e8b465ee728b)
Start importing Assets/Editor/Vuforia/ImageTargetTextures/VuforiaMars_Images/MarsBox.Top_scaled.jpg using Guid(2feb120d7f5872f499dfed51deb3d666) Importer(815301076,1909f56bfc062723c751e8b465ee728b)  -> (artifact id: '70cba2163da734a70f68b3a9727d8ab0') in 0.007659 seconds
  Import took 0.010927 seconds .

========================================================================
Received Import Request.
  Time since last request: 0.000203 seconds.
  path: Assets/Editor/Vuforia/ImageTargetTextures/VuforiaMars_Images/Oxygen_scaled.jpg
  artifactKey: Guid(cc6daa766aade3b4cbaeeac788249a2e) Importer(815301076,1909f56bfc062723c751e8b465ee728b)
Start importing Assets/Editor/Vuforia/ImageTargetTextures/VuforiaMars_Images/Oxygen_scaled.jpg using Guid(cc6daa766aade3b4cbaeeac788249a2e) Importer(815301076,1909f56bfc062723c751e8b465ee728b)  -> (artifact id: 'b2885b91ca5a823e3b49028cdd9844b4') in 0.015589 seconds
  Import took 0.017971 seconds .

========================================================================
Received Import Request.
  Time since last request: 0.036599 seconds.
  path: Assets/Editor/Vuforia/CylinderTargetTextures/VuforiaMars_Images/RocketBooster.Body_scaled.jpg
  artifactKey: Guid(f930368b2014406d9fc39e0bc4925f04) Importer(815301076,1909f56bfc062723c751e8b465ee728b)
Start importing Assets/Editor/Vuforia/CylinderTargetTextures/VuforiaMars_Images/RocketBooster.Body_scaled.jpg using Guid(f930368b2014406d9fc39e0bc4925f04) Importer(815301076,1909f56bfc062723c751e8b465ee728b)  -> (artifact id: 'af126528173493bd4c67c6e63a790fb8') in 0.009822 seconds
  Import took 0.048429 seconds .

========================================================================
Received Import Request.
  Time since last request: 0.000280 seconds.
  path: Assets/Editor/Vuforia/CylinderTargetTextures/VuforiaMars_Images/RocketBooster.Top_scaled.jpg
  artifactKey: Guid(88ae6815c2214b71b7e8e53efddf0b22) Importer(815301076,1909f56bfc062723c751e8b465ee728b)
Start importing Assets/Editor/Vuforia/CylinderTargetTextures/VuforiaMars_Images/RocketBooster.Top_scaled.jpg using Guid(88ae6815c2214b71b7e8e53efddf0b22) Importer(815301076,1909f56bfc062723c751e8b465ee728b)  -> (artifact id: 'e590ec6774d26baee3f29991c9d18d78') in 0.009052 seconds
  Import took 0.025838 seconds .

========================================================================
Received Import Request.
  Time since last request: 0.000204 seconds.
  path: Assets/Editor/Vuforia/ImageTargetTextures/ParcialHCI/txtura1_scaled.jpg
  artifactKey: Guid(c833158a7e9a4392a631b60ae80a628a) Importer(815301076,1909f56bfc062723c751e8b465ee728b)
Start importing Assets/Editor/Vuforia/ImageTargetTextures/ParcialHCI/txtura1_scaled.jpg using Guid(c833158a7e9a4392a631b60ae80a628a) Importer(815301076,1909f56bfc062723c751e8b465ee728b)  -> (artifact id: '84ba32c136801e4eb89a540aaf6648a8') in 0.026631 seconds
  Import took 0.028886 seconds .

========================================================================
Received Import Request.
  Time since last request: 2.189745 seconds.
  path: Assets/Editor/Vuforia/ImageTargetTextures/ParcialHCI/txtura1_scaled.jpg
  artifactKey: Guid(c833158a7e9a4392a631b60ae80a628a) Importer(815301076,1909f56bfc062723c751e8b465ee728b)
Start importing Assets/Editor/Vuforia/ImageTargetTextures/ParcialHCI/txtura1_scaled.jpg using Guid(c833158a7e9a4392a631b60ae80a628a) Importer(815301076,1909f56bfc062723c751e8b465ee728b)  -> (artifact id: '303aef604a7ac5a66f4de314c2f11034') in 0.024538 seconds
  Import took 0.027359 seconds .

========================================================================
Received Import Request.
  Time since last request: 0.015665 seconds.
  path: Assets/Editor/Vuforia/ImageTargetTextures/ParcialHCI/txtura1_scaled.jpg
  artifactKey: Guid(c833158a7e9a4392a631b60ae80a628a) Importer(815301076,1909f56bfc062723c751e8b465ee728b)
Start importing Assets/Editor/Vuforia/ImageTargetTextures/ParcialHCI/txtura1_scaled.jpg using Guid(c833158a7e9a4392a631b60ae80a628a) Importer(815301076,1909f56bfc062723c751e8b465ee728b)  -> (artifact id: '303aef604a7ac5a66f4de314c2f11034') in 0.012419 seconds
  Import took 0.014728 seconds .

========================================================================
Received Import Request.
  Time since last request: 18.066301 seconds.
  path: Assets/Editor/Vuforia/ImageTargetTextures/ParcialHCI/Caja.Back_scaled.jpg
  artifactKey: Guid(644d9ed12f434af39403c5f532121377) Importer(815301076,1909f56bfc062723c751e8b465ee728b)
Start importing Assets/Editor/Vuforia/ImageTargetTextures/ParcialHCI/Caja.Back_scaled.jpg using Guid(644d9ed12f434af39403c5f532121377) Importer(815301076,1909f56bfc062723c751e8b465ee728b)  -> (artifact id: '35d00340ce0aeec47540c5c4f14ba25e') in 0.013378 seconds
  Import took 0.016010 seconds .

AssetImportWorkerClient::OnTransportError - code=2 error=End of file
